<?xml version="1.0" encoding="UTF-8"?>
<!-- Generated by org.testng.reporters.JUnitReportReporter -->
<testsuite hostname="LAPTOP-HFRRK7QD" failures="0" tests="1" name="Project1.seleniumMaven.TestCase1" time="10.239" errors="0" timestamp="2024-09-20T23:26:42 CDT" skipped="0">
  <testcase classname="Project1.seleniumMaven.TestCase1" name="login_to_amazon" time="10.239"/>
  <system-out/>
</testsuite> <!-- Project1.seleniumMaven.TestCase1 -->
