<?xml version="1.0" encoding="UTF-8"?>
<!-- Generated by org.testng.reporters.JUnitReportReporter -->
<testsuite hostname="LAPTOP-HFRRK7QD" failures="0" tests="1" name="Project1.seleniumMaven.TestCase5" time="8.903" errors="0" timestamp="2024-09-20T23:44:47 CDT" skipped="0">
  <testcase classname="Project1.seleniumMaven.TestCase5" name="registration" time="8.903"/>
</testsuite> <!-- Project1.seleniumMaven.TestCase5 -->
