<?xml version="1.0" encoding="UTF-8"?>
<!-- Generated by org.testng.reporters.JUnitReportReporter -->
<testsuite hostname="LAPTOP-HFRRK7QD" failures="0" tests="1" name="Project1.seleniumMaven.TestCase3" time="23.421" errors="0" timestamp="2024-09-20T23:44:47 CDT" skipped="0">
  <testcase classname="Project1.seleniumMaven.TestCase3" name="login_to_amazon_search_wishlist" time="23.421"/>
</testsuite> <!-- Project1.seleniumMaven.TestCase3 -->
