<?xml version="1.0" encoding="UTF-8"?>
<!-- Generated by org.testng.reporters.JUnitReportReporter -->
<testsuite hostname="LAPTOP-HFRRK7QD" failures="0" tests="2" name="Amazon_Project.Final.Test15" time="49.455" errors="0" timestamp="2024-10-24T10:30:13 CDT" skipped="0">
  <testcase classname="Amazon_Project.Final.Test15" name="cartWithoutlogging" time="29.102"/>
  <system-out>
    <![CDATA[Test Case 5 Passed: Search is giving correct result
Test Case 15 passed-Reaching the cart page without logging in successful]]>
  </system-out>
  <testcase classname="Amazon_Project.Final.Test15" name="cartWithoutlogging" time="20.353"/>
  <system-out>
    <![CDATA[Test Case 5 Passed: Search is giving correct result
Test Case 15 passed-Reaching the cart page without logging in successful]]>
  </system-out>
</testsuite> <!-- Amazon_Project.Final.Test15 -->
