<?xml version="1.0" encoding="UTF-8"?>
<!-- Generated by org.testng.reporters.JUnitReportReporter -->
<testsuite hostname="LAPTOP-HFRRK7QD" failures="0" tests="2" name="Amazon_Project.Final.Test_2" time="36.903" errors="0" timestamp="2024-10-23T09:46:37 CDT" skipped="0">
  <testcase classname="Amazon_Project.Final.Test_2" name="login" time="23.176"/>
  <system-out>
    <![CDATA[Test Case 2 Passed -Login successful]]>
  </system-out>
  <testcase classname="Amazon_Project.Final.Test_2" name="login" time="13.727"/>
  <system-out>
    <![CDATA[Test Case 2 Passed -Login successful]]>
  </system-out>
</testsuite> <!-- Amazon_Project.Final.Test_2 -->
