<?xml version="1.0" encoding="UTF-8"?>
<!-- Generated by org.testng.reporters.JUnitReportReporter -->
<testsuite hostname="LAPTOP-HFRRK7QD" failures="0" tests="2" name="Amazon_Project.Final.Test_1" time="45.899" errors="0" timestamp="2024-10-23T09:41:17 CDT" skipped="0">
  <testcase classname="Amazon_Project.Final.Test_1" name="newUserRegistration" time="21.998"/>
  <system-out>
    <![CDATA[Test Case 1 Passed-New user registration successful]]>
  </system-out>
  <testcase classname="Amazon_Project.Final.Test_1" name="newUserRegistration" time="23.901"/>
  <system-out>
    <![CDATA[Test Case 1 Passed-New user registration successful]]>
  </system-out>
</testsuite> <!-- Amazon_Project.Final.Test_1 -->
