<?xml version="1.0" encoding="UTF-8"?>
<!-- Generated by org.testng.reporters.JUnitReportReporter -->
<testsuite hostname="LAPTOP-HFRRK7QD" failures="0" tests="3" name="Amazon_Project.Final.Test_9" time="114.528" errors="0" timestamp="2024-10-24T11:57:35 CDT" skipped="1">
  <testcase classname="Amazon_Project.Final.Test_9" name="productAddedToCart" time="37.040"/>
  <system-out>
    <![CDATA[Test Case 9 Passed- Particular item was successfully added to cart]]>
  </system-out>
  <testcase classname="Amazon_Project.Final.Test_9" name="productAddedToCart" time="38.199">
    <skipped/>
  </testcase> <!-- productAddedToCart -->
  <system-out/>
  <testcase classname="Amazon_Project.Final.Test_9" name="productAddedToCart" time="39.289"/>
  <system-out>
    <![CDATA[Test Case 9 Passed- Particular item was successfully added to cart]]>
  </system-out>
</testsuite> <!-- Amazon_Project.Final.Test_9 -->
