<?xml version="1.0" encoding="UTF-8"?>
<!-- Generated by org.testng.reporters.JUnitReportReporter -->
<testsuite hostname="LAPTOP-HFRRK7QD" failures="0" tests="2" name="Amazon_Project.Final.Test_8" time="94.340" errors="0" timestamp="2024-10-23T10:10:47 CDT" skipped="0">
  <testcase classname="Amazon_Project.Final.Test_8" name="productpagedisplay" time="47.411"/>
  <system-out>
    <![CDATA[TestCase 8 passed- Sorting low to high successful
TestCase 8 passed- Sorting high to low successful]]>
  </system-out>
  <testcase classname="Amazon_Project.Final.Test_8" name="productpagedisplay" time="46.929"/>
  <system-out>
    <![CDATA[TestCase 8 passed- Sorting low to high successful
TestCase 8 passed- Sorting high to low successful]]>
  </system-out>
</testsuite> <!-- Amazon_Project.Final.Test_8 -->
