<?xml version="1.0" encoding="UTF-8"?>
<!-- Generated by org.testng.reporters.JUnitReportReporter -->
<testsuite hostname="LAPTOP-HFRRK7QD" failures="0" tests="2" name="Amazon_Project.Final.Test_5" time="25.739" errors="0" timestamp="2024-10-23T09:55:51 CDT" skipped="0">
  <testcase classname="Amazon_Project.Final.Test_5" name="searchshoe" time="11.128"/>
  <system-out>
    <![CDATA[Test Case 5 Passed: Search is giving correct result]]>
  </system-out>
  <testcase classname="Amazon_Project.Final.Test_5" name="searchshoe" time="14.611"/>
  <system-out>
    <![CDATA[Test Case 5 Passed: Search is giving correct result]]>
  </system-out>
</testsuite> <!-- Amazon_Project.Final.Test_5 -->
