<?xml version="1.0" encoding="UTF-8"?>
<!-- Generated by org.testng.reporters.JUnitReportReporter -->
<testsuite hostname="LAPTOP-HFRRK7QD" failures="0" tests="2" name="Amazon_Project.Final.Test_7" time="50.749" errors="0" timestamp="2024-10-23T10:07:44 CDT" skipped="0">
  <testcase classname="Amazon_Project.Final.Test_7" name="productpagedisplay" time="16.347"/>
  <system-out>
    <![CDATA[Test Case 7 for price display passed
Test Case 7 for product details display or about this item passed
Test Case 7 for customer product rating display passed]]>
  </system-out>
  <testcase classname="Amazon_Project.Final.Test_7" name="productpagedisplay" time="34.402"/>
  <system-out>
    <![CDATA[Test Case 7 for price display passed
Test Case 7 for product details display or about this item passed
Test Case 7 for customer product rating display passed]]>
  </system-out>
</testsuite> <!-- Amazon_Project.Final.Test_7 -->
