<?xml version="1.0" encoding="UTF-8"?>
<!-- Generated by org.testng.reporters.JUnitReportReporter -->
<testsuite hostname="LAPTOP-HFRRK7QD" failures="0" tests="2" name="Amazon_Project.Final.Test_6" time="70.152" errors="0" timestamp="2024-10-23T09:57:33 CDT" skipped="0">
  <testcase classname="Amazon_Project.Final.Test_6" name="categoryPriceRange" time="36.412"/>
  <system-out>
    <![CDATA[Test 6 Category passed-Category search resulted in around 58 searches based on category Women's Casual Shoes
Test Case 6 Passed-The price slider is giving accurate results]]>
  </system-out>
  <testcase classname="Amazon_Project.Final.Test_6" name="categoryPriceRange" time="33.740"/>
  <system-out>
    <![CDATA[Test 6 Category passed-Category search resulted in around 58 searches based on category Women's Casual Shoes
Test Case 6 Passed-The price slider is giving accurate results]]>
  </system-out>
</testsuite> <!-- Amazon_Project.Final.Test_6 -->
