<?xml version="1.0" encoding="UTF-8"?>
<!-- Generated by org.testng.reporters.JUnitReportReporter -->
<testsuite hostname="LAPTOP-HFRRK7QD" failures="0" tests="2" name="Amazon_Project.Final.Test13" time="48.631" errors="0" timestamp="2024-10-24T10:24:36 CDT" skipped="0">
  <testcase classname="Amazon_Project.Final.Test13" name="selectCoupon" time="24.530"/>
  <system-out>
    <![CDATA[Test Case 13 passed-Coupon click successful]]>
  </system-out>
  <testcase classname="Amazon_Project.Final.Test13" name="selectCoupon" time="24.101"/>
  <system-out>
    <![CDATA[Test Case 13 passed-Coupon click successful]]>
  </system-out>
</testsuite> <!-- Amazon_Project.Final.Test13 -->
