<?xml version="1.0" encoding="UTF-8"?>
<!-- Generated by org.testng.reporters.JUnitReportReporter -->
<testsuite hostname="LAPTOP-HFRRK7QD" failures="0" tests="2" name="Amazon_Project.Final.Test14" time="63.262" errors="0" timestamp="2024-10-24T10:28:13 CDT" skipped="0">
  <testcase classname="Amazon_Project.Final.Test14" name="orderRating" time="22.593"/>
  <system-out>
    <![CDATA[Test Case 14 passed-5 star rating on product ordered successful]]>
  </system-out>
  <testcase classname="Amazon_Project.Final.Test14" name="orderRating" time="40.669"/>
  <system-out>
    <![CDATA[Test Case 14 passed-5 star rating on product ordered successful]]>
  </system-out>
</testsuite> <!-- Amazon_Project.Final.Test14 -->
