<?xml version="1.0" encoding="UTF-8"?>
<!-- Generated by org.testng.reporters.JUnitReportReporter -->
<testsuite hostname="LAPTOP-HFRRK7QD" failures="0" tests="3" name="Amazon_Project.Final.Test10" time="144.308" errors="0" timestamp="2024-10-24T12:01:37 CDT" skipped="1">
  <testcase classname="Amazon_Project.Final.Test10" name="CartQuantityandDeletion" time="51.745">
    <skipped/>
  </testcase> <!-- CartQuantityandDeletion -->
  <system-out>
    <![CDATA[Test Case 10 Passed-Qty change Successful]]>
  </system-out>
  <testcase classname="Amazon_Project.Final.Test10" name="CartQuantityandDeletion" time="48.195"/>
  <system-out>
    <![CDATA[Test Case 10 Passed-Qty change Successful
Test Case 10 Passed-Deletion of product from cart was successful]]>
  </system-out>
  <testcase classname="Amazon_Project.Final.Test10" name="CartQuantityandDeletion" time="44.368"/>
  <system-out>
    <![CDATA[Test Case 10 Passed-Qty change Successful
Test Case 10 Passed-Deletion of product from cart was successful]]>
  </system-out>
</testsuite> <!-- Amazon_Project.Final.Test10 -->
