<?xml version="1.0" encoding="UTF-8"?>
<!-- Generated by org.testng.reporters.JUnitReportReporter -->
<testsuite hostname="LAPTOP-HFRRK7QD" failures="0" tests="2" name="Amazon_Project.Final.Test_3" time="24.918" errors="0" timestamp="2024-10-23T09:47:43 CDT" skipped="0">
  <testcase classname="Amazon_Project.Final.Test_3" name="incorrectlogin" time="11.457"/>
  <system-out/>
  <testcase classname="Amazon_Project.Final.Test_3" name="incorrectlogin" time="13.461"/>
  <system-out/>
</testsuite> <!-- Amazon_Project.Final.Test_3 -->
