<?xml version="1.0" encoding="UTF-8"?>
<!-- Generated by org.testng.reporters.JUnitReportReporter -->
<testsuite hostname="LAPTOP-HFRRK7QD" failures="0" tests="2" name="Amazon_Project.Final.Test11" time="201.927" errors="0" timestamp="2024-10-24T10:19:48 CDT" skipped="0">
  <testcase classname="Amazon_Project.Final.Test11" name="checkoutProcess" time="116.361"/>
  <system-out>
    <![CDATA[Test Case 11 passed-Address selected successfully
Test Case 11 passed-Payment type selected successfully
Test Case 11 Passed-Order review successful- Bata Mens Boss-Grip Black Uniform Dress Shoe displayed on the checkout page]]>
  </system-out>
  <testcase classname="Amazon_Project.Final.Test11" name="checkoutProcess" time="85.566"/>
  <system-out>
    <![CDATA[Test Case 11 passed-Address selected successfully
Test Case 11 passed-Payment type selected successfully
Test Case 11 Passed-Order review successful- Bata Mens Boss-Grip Black Uniform Dress Shoe displayed on the checkout page]]>
  </system-out>
</testsuite> <!-- Amazon_Project.Final.Test11 -->
