<?xml version="1.0" encoding="UTF-8"?>
<!-- Generated by org.testng.reporters.JUnitReportReporter -->
<testsuite hostname="LAPTOP-HFRRK7QD" failures="0" tests="2" name="Amazon_Project.Final.Test12" time="78.797" errors="0" timestamp="2024-10-24T10:21:47 CDT" skipped="0">
  <testcase classname="Amazon_Project.Final.Test12" name="selectVariousPayementMethod" time="36.616"/>
  <system-out>
    <![CDATA[TestCase 12 Passed-Selection of credit or debit card successful
TestCase 12 Passed-Selection of NetBanking successful
TestCase 12 Passed-Selection of upi successful]]>
  </system-out>
  <testcase classname="Amazon_Project.Final.Test12" name="selectVariousPayementMethod" time="42.181"/>
  <system-out>
    <![CDATA[TestCase 12 Passed-Selection of credit or debit card successful
TestCase 12 Passed-Selection of NetBanking successful
TestCase 12 Passed-Selection of upi successful]]>
  </system-out>
</testsuite> <!-- Amazon_Project.Final.Test12 -->
