<?xml version="1.0" encoding="UTF-8"?>
<!-- Generated by org.testng.reporters.JUnitReportReporter -->
<testsuite hostname="LAPTOP-HFRRK7QD" failures="0" tests="2" name="Amazon_Project.Final.Test_4" time="66.731" errors="0" timestamp="2024-10-23T12:13:58 CDT" skipped="0">
  <testcase classname="Amazon_Project.Final.Test_4" name="editprofileinfo" time="32.761"/>
  <system-out>
    <![CDATA[The original profile name is sanji123
Test Case 4 passed-Change profile name successful]]>
  </system-out>
  <testcase classname="Amazon_Project.Final.Test_4" name="editprofileinfo" time="33.970"/>
  <system-out>
    <![CDATA[The original profile name is Sanji0.6678671952846571
Test Case 4 passed-Change profile name successful]]>
  </system-out>
</testsuite> <!-- Amazon_Project.Final.Test_4 -->
