<?xml version="1.0" encoding="UTF-8"?>
<!-- Generated by org.testng.reporters.JUnitReportReporter -->
<testsuite hostname="LAPTOP-HFRRK7QD" failures="0" tests="1" name="Project1.seleniumMaven.TestCase4" time="55.908" errors="0" timestamp="2024-09-20T23:26:42 CDT" skipped="0">
  <testcase classname="Project1.seleniumMaven.TestCase4" name="login_to_amazon_search_wishlist_cart_payment" time="55.908"/>
  <system-out/>
</testsuite> <!-- Project1.seleniumMaven.TestCase4 -->
