<?xml version="1.0" encoding="UTF-8"?>
<!-- Generated by org.testng.reporters.JUnitReportReporter -->
<testsuite hostname="LAPTOP-HFRRK7QD" failures="0" tests="1" name="Project1.seleniumMaven.TestCase1" time="9.340" errors="0" timestamp="2024-09-21T06:57:16 CDT" skipped="0">
  <testcase classname="Project1.seleniumMaven.TestCase1" name="login_to_amazon" time="9.340"/>
</testsuite> <!-- Project1.seleniumMaven.TestCase1 -->
