<?xml version="1.0" encoding="UTF-8"?>
<!-- Generated by org.testng.reporters.JUnitReportReporter -->
<testsuite hostname="LAPTOP-HFRRK7QD" failures="0" tests="2" name="Airline_Project.AirlineProject2.Test_9" time="84.105" errors="0" timestamp="2024-10-24T19:02:51 CDT" skipped="0">
  <testcase classname="Airline_Project.AirlineProject2.Test_9" name="login" time="33.501"/>
  <system-out>
    <![CDATA[Test Case 9 passed-multiple passengers in single booking successful]]>
  </system-out>
  <testcase classname="Airline_Project.AirlineProject2.Test_9" name="login" time="50.604"/>
  <system-out>
    <![CDATA[Test Case 9 passed-multiple passengers in single booking successful]]>
  </system-out>
</testsuite> <!-- Airline_Project.AirlineProject2.Test_9 -->
