<?xml version="1.0" encoding="UTF-8"?>
<!-- Generated by org.testng.reporters.JUnitReportReporter -->
<testsuite hostname="LAPTOP-HFRRK7QD" failures="0" tests="2" name="Airline_Project.AirlineProject2.Test10" time="45.805" errors="0" timestamp="2024-10-24T19:02:51 CDT" skipped="0">
  <testcase classname="Airline_Project.AirlineProject2.Test10" name="login" time="29.171"/>
  <system-out>
    <![CDATA[Test Case 10 passed-flight information details available
Test Case 10 passed-fare details available
Test Case 10 passed-baggage details available
Test Case 10 passed-cancellation details available]]>
  </system-out>
  <testcase classname="Airline_Project.AirlineProject2.Test10" name="login" time="16.634"/>
  <system-out>
    <![CDATA[Test Case 10 passed-flight information details available
Test Case 10 passed-fare details available
Test Case 10 passed-baggage details available
Test Case 10 passed-cancellation details available]]>
  </system-out>
</testsuite> <!-- Airline_Project.AirlineProject2.Test10 -->
