<?xml version="1.0" encoding="UTF-8"?>
<!-- Generated by org.testng.reporters.JUnitReportReporter -->
<testsuite hostname="LAPTOP-HFRRK7QD" failures="0" tests="3" name="Airline_Project.AirlineProject2.Test_6" time="81.407" errors="0" timestamp="2024-10-24T19:02:51 CDT" skipped="1">
  <testcase classname="Airline_Project.AirlineProject2.Test_6" name="login" time="24.729"/>
  <system-out>
    <![CDATA[Test Case 6 Passed-Search functionality for economy successful
Test Case 6 Passed-Search functionality for premium economy successful
Test Case 6 Passed-Search functionality for Business class successful]]>
  </system-out>
  <testcase classname="Airline_Project.AirlineProject2.Test_6" name="login" time="21.806">
    <skipped/>
  </testcase> <!-- login -->
  <system-out/>
  <testcase classname="Airline_Project.AirlineProject2.Test_6" name="login" time="34.872"/>
  <system-out>
    <![CDATA[Test Case 6 Passed-Search functionality for economy successful
Test Case 6 Passed-Search functionality for premium economy successful
Test Case 6 Passed-Search functionality for Business class successful]]>
  </system-out>
</testsuite> <!-- Airline_Project.AirlineProject2.Test_6 -->
