<?xml version="1.0" encoding="UTF-8"?>
<!-- Generated by org.testng.reporters.JUnitReportReporter -->
<testsuite hostname="LAPTOP-HFRRK7QD" failures="0" tests="2" name="Airline_Project.AirlineProject2.Test_8" time="71.373" errors="0" timestamp="2024-10-24T19:02:51 CDT" skipped="0">
  <testcase classname="Airline_Project.AirlineProject2.Test_8" name="login" time="37.483"/>
  <system-out>
    <![CDATA[Test 8 Passed-Seat selection successful]]>
  </system-out>
  <testcase classname="Airline_Project.AirlineProject2.Test_8" name="login" time="33.890"/>
  <system-out>
    <![CDATA[Test 8 Passed-Seat selection successful]]>
  </system-out>
</testsuite> <!-- Airline_Project.AirlineProject2.Test_8 -->
