<?xml version="1.0" encoding="UTF-8"?>
<!-- Generated by org.testng.reporters.JUnitReportReporter -->
<testsuite hostname="LAPTOP-HFRRK7QD" failures="0" tests="2" name="Airline_Project.AirlineProject2.Test_1" time="43.550" errors="0" timestamp="2024-10-24T19:02:51 CDT" skipped="0">
  <testcase classname="Airline_Project.AirlineProject2.Test_1" name="newUserRegistration" time="21.139"/>
  <system-out>
    <![CDATA[Test Case 1 Passed-New user registration successful]]>
  </system-out>
  <testcase classname="Airline_Project.AirlineProject2.Test_1" name="newUserRegistration" time="22.411"/>
  <system-out>
    <![CDATA[Test Case 1 Passed-New user registration successful]]>
  </system-out>
</testsuite> <!-- Airline_Project.AirlineProject2.Test_1 -->
