<?xml version="1.0" encoding="UTF-8"?>
<!-- Generated by org.testng.reporters.JUnitReportReporter -->
<testsuite hostname="LAPTOP-HFRRK7QD" failures="0" tests="2" name="Airline_Project.AirlineProject2.Test_4" time="30.850" errors="0" timestamp="2024-10-24T19:02:51 CDT" skipped="0">
  <testcase classname="Airline_Project.AirlineProject2.Test_4" name="login" time="17.107"/>
  <system-out>
    <![CDATA[Test Case 4 Passed-Search functionality for One Way flight successful]]>
  </system-out>
  <testcase classname="Airline_Project.AirlineProject2.Test_4" name="login" time="13.743"/>
  <system-out>
    <![CDATA[Test Case 4 Passed-Search functionality for One Way flight successful]]>
  </system-out>
</testsuite> <!-- Airline_Project.AirlineProject2.Test_4 -->
