<?xml version="1.0" encoding="UTF-8"?>
<!-- Generated by org.testng.reporters.JUnitReportReporter -->
<testsuite hostname="LAPTOP-HFRRK7QD" failures="0" tests="4" name="Airline_Project.AirlineProject2.Test15" time="205.197" errors="0" timestamp="2024-10-24T19:02:51 CDT" skipped="2">
  <testcase classname="Airline_Project.AirlineProject2.Test15" name="login" time="52.527">
    <skipped/>
  </testcase> <!-- login -->
  <system-out/>
  <testcase classname="Airline_Project.AirlineProject2.Test15" name="login" time="50.217">
    <skipped/>
  </testcase> <!-- login -->
  <system-out/>
  <testcase classname="Airline_Project.AirlineProject2.Test15" name="login" time="47.135"/>
  <system-out>
    <![CDATA[Test Case 15 Passed-selection of credit card successful]]>
  </system-out>
  <testcase classname="Airline_Project.AirlineProject2.Test15" name="login" time="55.318"/>
  <system-out>
    <![CDATA[Test Case 15 Passed-selection of credit card successful]]>
  </system-out>
</testsuite> <!-- Airline_Project.AirlineProject2.Test15 -->
