<?xml version="1.0" encoding="UTF-8"?>
<!-- Generated by org.testng.reporters.JUnitReportReporter -->
<testsuite hostname="LAPTOP-HFRRK7QD" failures="0" tests="3" name="Airline_Project.AirlineProject2.Test_7" time="55.614" errors="0" timestamp="2024-10-24T19:02:51 CDT" skipped="1">
  <testcase classname="Airline_Project.AirlineProject2.Test_7" name="login" time="16.993">
    <skipped/>
  </testcase> <!-- login -->
  <system-out/>
  <testcase classname="Airline_Project.AirlineProject2.Test_7" name="login" time="21.527"/>
  <system-out/>
  <testcase classname="Airline_Project.AirlineProject2.Test_7" name="login" time="17.094"/>
  <system-out/>
</testsuite> <!-- Airline_Project.AirlineProject2.Test_7 -->
