<?xml version="1.0" encoding="UTF-8"?>
<!-- Generated by org.testng.reporters.JUnitReportReporter -->
<testsuite hostname="LAPTOP-HFRRK7QD" failures="0" tests="2" name="Airline_Project.AirlineProject2.Test12" time="37.236" errors="0" timestamp="2024-10-24T19:02:51 CDT" skipped="0">
  <testcase classname="Airline_Project.AirlineProject2.Test12" name="login" time="18.721"/>
  <system-out>
    <![CDATA[Test Case 12 passed-Login,search and logout passed]]>
  </system-out>
  <testcase classname="Airline_Project.AirlineProject2.Test12" name="login" time="18.515"/>
  <system-out>
    <![CDATA[Test Case 12 passed-Login,search and logout passed]]>
  </system-out>
</testsuite> <!-- Airline_Project.AirlineProject2.Test12 -->
