<?xml version="1.0" encoding="UTF-8"?>
<!-- Generated by org.testng.reporters.JUnitReportReporter -->
<testsuite hostname="LAPTOP-HFRRK7QD" failures="0" tests="2" name="Airline_Project.AirlineProject2.Test_5" time="55.934" errors="0" timestamp="2024-10-24T19:02:51 CDT" skipped="0">
  <testcase classname="Airline_Project.AirlineProject2.Test_5" name="login" time="21.015"/>
  <system-out>
    <![CDATA[Test Case 5 Passed-Search functionality for round trip flight successful]]>
  </system-out>
  <testcase classname="Airline_Project.AirlineProject2.Test_5" name="login" time="34.919"/>
  <system-out>
    <![CDATA[Test Case 5 Passed-Search functionality for round trip flight successful]]>
  </system-out>
</testsuite> <!-- Airline_Project.AirlineProject2.Test_5 -->
