<?xml version="1.0" encoding="UTF-8"?>
<!-- Generated by org.testng.reporters.JUnitReportReporter -->
<testsuite hostname="LAPTOP-HFRRK7QD" failures="0" tests="2" name="Airline_Project.AirlineProject2.Test_3" time="21.223" errors="0" timestamp="2024-10-24T19:02:51 CDT" skipped="0">
  <testcase classname="Airline_Project.AirlineProject2.Test_3" name="incorrectlogin" time="9.080"/>
  <system-out>
    <![CDATA[Test Case 3 Passed-Login failed due to incorrect username]]>
  </system-out>
  <testcase classname="Airline_Project.AirlineProject2.Test_3" name="incorrectlogin" time="12.143"/>
  <system-out>
    <![CDATA[Test Case 3 Passed-Login failed due to incorrect username]]>
  </system-out>
</testsuite> <!-- Airline_Project.AirlineProject2.Test_3 -->
