<?xml version="1.0" encoding="UTF-8"?>
<!-- Generated by org.testng.reporters.JUnitReportReporter -->
<testsuite hostname="LAPTOP-HFRRK7QD" failures="0" tests="3" name="Airline_Project.AirlineProject2.Test11" time="69.772" errors="0" timestamp="2024-10-24T19:02:51 CDT" skipped="1">
  <testcase classname="Airline_Project.AirlineProject2.Test11" name="login" time="22.633">
    <skipped/>
  </testcase> <!-- login -->
  <system-out/>
  <testcase classname="Airline_Project.AirlineProject2.Test11" name="login" time="21.113"/>
  <system-out>
    <![CDATA[Test Case 11 passed-User Entry of passenger name successful
Test Case 11 passed-User Entry of mobile number successful
Test Case 11 passed-User Entry of email successful]]>
  </system-out>
  <testcase classname="Airline_Project.AirlineProject2.Test11" name="login" time="26.026"/>
  <system-out>
    <![CDATA[Test Case 11 passed-User Entry of passenger name successful
Test Case 11 passed-User Entry of mobile number successful
Test Case 11 passed-User Entry of email successful]]>
  </system-out>
</testsuite> <!-- Airline_Project.AirlineProject2.Test11 -->
