<?xml version="1.0" encoding="UTF-8"?>
<!-- Generated by org.testng.reporters.JUnitReportReporter -->
<testsuite hostname="LAPTOP-HFRRK7QD" failures="0" tests="2" name="Airline_Project.AirlineProject2.Test13" time="44.465" errors="0" timestamp="2024-10-24T19:02:51 CDT" skipped="0">
  <testcase classname="Airline_Project.AirlineProject2.Test13" name="login" time="27.794"/>
  <system-out>
    <![CDATA[Test Case 13 passed-Apply Coupon successful]]>
  </system-out>
  <testcase classname="Airline_Project.AirlineProject2.Test13" name="login" time="16.671"/>
  <system-out>
    <![CDATA[Test Case 13 passed-Apply Coupon successful]]>
  </system-out>
</testsuite> <!-- Airline_Project.AirlineProject2.Test13 -->
