<?xml version="1.0" encoding="UTF-8"?>
<!-- Generated by org.testng.reporters.JUnitReportReporter -->
<testsuite hostname="LAPTOP-HFRRK7QD" failures="0" tests="2" name="Airline_Project.AirlineProject2.Test_2" time="26.770" errors="0" timestamp="2024-10-24T19:02:51 CDT" skipped="0">
  <testcase classname="Airline_Project.AirlineProject2.Test_2" name="login" time="14.845"/>
  <system-out>
    <![CDATA[Test Case 2 passed-sign in successful]]>
  </system-out>
  <testcase classname="Airline_Project.AirlineProject2.Test_2" name="login" time="11.925"/>
  <system-out>
    <![CDATA[Test Case 2 passed-sign in successful]]>
  </system-out>
</testsuite> <!-- Airline_Project.AirlineProject2.Test_2 -->
