<?xml version="1.0" encoding="UTF-8"?>
<!-- Generated by org.testng.reporters.JUnitReportReporter -->
<testsuite hostname="LAPTOP-HFRRK7QD" failures="0" tests="2" name="Airline_Project.AirlineProject2.Test14" time="69.306" errors="0" timestamp="2024-10-24T19:02:51 CDT" skipped="0">
  <testcase classname="Airline_Project.AirlineProject2.Test14" name="login" time="29.056"/>
  <system-out>
    <![CDATA[Test Case 14 Passed-Search functionality for domestic round trip flight successful]]>
  </system-out>
  <testcase classname="Airline_Project.AirlineProject2.Test14" name="login" time="40.250"/>
  <system-out>
    <![CDATA[Test Case 14 Passed-Search functionality for domestic round trip flight successful]]>
  </system-out>
</testsuite> <!-- Airline_Project.AirlineProject2.Test14 -->
